Determining if the pthread_create exist failed with the following output:
Change Dir: /home/vincent/Desktop/Qt_MyProject/Eigen_obj/Eigen_demo/cmake-build-debug/CMakeFiles/CMakeTmp

Run Build Command(s):/usr/bin/make cmTC_4f219/fast 
/usr/bin/make -f CMakeFiles/cmTC_4f219.dir/build.make CMakeFiles/cmTC_4f219.dir/build
make[1]: 进入目录“/home/vincent/Desktop/Qt_MyProject/Eigen_obj/Eigen_demo/cmake-build-debug/CMakeFiles/CMakeTmp”
Building C object CMakeFiles/cmTC_4f219.dir/CheckSymbolExists.c.o
/usr/bin/cc    -o CMakeFiles/cmTC_4f219.dir/CheckSymbolExists.c.o   -c /home/vincent/Desktop/Qt_MyProject/Eigen_obj/Eigen_demo/cmake-build-debug/CMakeFiles/CMakeTmp/CheckSymbolExists.c
Linking C executable cmTC_4f219
/snap/clion/73/bin/cmake/linux/bin/cmake -E cmake_link_script CMakeFiles/cmTC_4f219.dir/link.txt --verbose=1
/usr/bin/cc      -rdynamic CMakeFiles/cmTC_4f219.dir/CheckSymbolExists.c.o  -o cmTC_4f219 
CMakeFiles/cmTC_4f219.dir/CheckSymbolExists.c.o：在函数‘main’中：
CheckSymbolExists.c:(.text+0x1b)：对‘pthread_create’未定义的引用
collect2: error: ld returned 1 exit status
CMakeFiles/cmTC_4f219.dir/build.make:86: recipe for target 'cmTC_4f219' failed
make[1]: *** [cmTC_4f219] Error 1
make[1]: 离开目录“/home/vincent/Desktop/Qt_MyProject/Eigen_obj/Eigen_demo/cmake-build-debug/CMakeFiles/CMakeTmp”
Makefile:121: recipe for target 'cmTC_4f219/fast' failed
make: *** [cmTC_4f219/fast] Error 2

File /home/vincent/Desktop/Qt_MyProject/Eigen_obj/Eigen_demo/cmake-build-debug/CMakeFiles/CMakeTmp/CheckSymbolExists.c:
/* */
#include <pthread.h>

int main(int argc, char** argv)
{
  (void)argv;
#ifndef pthread_create
  return ((int*)(&pthread_create))[argc];
#else
  (void)argc;
  return 0;
#endif
}

Determining if the function pthread_create exists in the pthreads failed with the following output:
Change Dir: /home/vincent/Desktop/Qt_MyProject/Eigen_obj/Eigen_demo/cmake-build-debug/CMakeFiles/CMakeTmp

Run Build Command(s):/usr/bin/make cmTC_b8c04/fast 
/usr/bin/make -f CMakeFiles/cmTC_b8c04.dir/build.make CMakeFiles/cmTC_b8c04.dir/build
make[1]: 进入目录“/home/vincent/Desktop/Qt_MyProject/Eigen_obj/Eigen_demo/cmake-build-debug/CMakeFiles/CMakeTmp”
Building C object CMakeFiles/cmTC_b8c04.dir/CheckFunctionExists.c.o
/usr/bin/cc   -DCHECK_FUNCTION_EXISTS=pthread_create   -o CMakeFiles/cmTC_b8c04.dir/CheckFunctionExists.c.o   -c /snap/clion/73/bin/cmake/linux/share/cmake-3.14/Modules/CheckFunctionExists.c
Linking C executable cmTC_b8c04
/snap/clion/73/bin/cmake/linux/bin/cmake -E cmake_link_script CMakeFiles/cmTC_b8c04.dir/link.txt --verbose=1
/usr/bin/cc  -DCHECK_FUNCTION_EXISTS=pthread_create    -rdynamic CMakeFiles/cmTC_b8c04.dir/CheckFunctionExists.c.o  -o cmTC_b8c04 -lpthreads 
/usr/bin/ld: 找不到 -lpthreads
collect2: error: ld returned 1 exit status
CMakeFiles/cmTC_b8c04.dir/build.make:86: recipe for target 'cmTC_b8c04' failed
make[1]: *** [cmTC_b8c04] Error 1
make[1]: 离开目录“/home/vincent/Desktop/Qt_MyProject/Eigen_obj/Eigen_demo/cmake-build-debug/CMakeFiles/CMakeTmp”
Makefile:121: recipe for target 'cmTC_b8c04/fast' failed
make: *** [cmTC_b8c04/fast] Error 2


